Using pre-set license

 COMMAND LINE ARGUMENTS:
/Applications/Unity/Hub/Editor/2021.1.0b1/Unity.app/Contents/MacOS/Unity
-adb2
-batchMode
-noUpm
-name
AssetImportWorker0
-projectPath
/Users/rickydaricky/Documents/GitHub/Unity-Projects/Pony Prototype
-logFile
Logs/AssetImportWorker0.log
-srvPort
49443
Successfully changed project path to: /Users/rickydaricky/Documents/GitHub/Unity-Projects/Pony Prototype
/Users/rickydaricky/Documents/GitHub/Unity-Projects/Pony Prototype
Using Asset Import Pipeline V2.
Refreshing native plugins compatible for Editor in 442.22 ms, found 1 plugins.
Preloading 0 native plugins for Editor in 0.00 ms.
Initialize engine version: 2021.1.0b1 (9f7c487dd2da)
[Subsystems] Discovering subsystems at path /Applications/Unity/Hub/Editor/2021.1.0b1/Unity.app/Contents/Resources/UnitySubsystems
[Subsystems] Discovering subsystems at path /Users/rickydaricky/Documents/GitHub/Unity-Projects/Pony Prototype/Assets
GfxDevice: creating device client; threaded=0; jobified=0
2021-04-10 10:57:31.416 Unity[35707:7440438] Color LCD preferred device: Intel(R) UHD Graphics 630 (low power)
2021-04-10 10:57:31.416 Unity[35707:7440438] Metal devices available: 2
2021-04-10 10:57:31.418 Unity[35707:7440438] 0: AMD Radeon Pro 5500M (high power)
2021-04-10 10:57:31.418 Unity[35707:7440438] 1: Intel(R) UHD Graphics 630 (low power)
2021-04-10 10:57:31.419 Unity[35707:7440438] Using device AMD Radeon Pro 5500M (high power)
Initializing Metal device caps: AMD Radeon Pro 5500M
Initialize mono
Mono path[0] = '/Applications/Unity/Hub/Editor/2021.1.0b1/Unity.app/Contents/Managed'
Mono path[1] = '/Applications/Unity/Hub/Editor/2021.1.0b1/Unity.app/Contents/MonoBleedingEdge/lib/mono/unityjit'
Mono config path = '/Applications/Unity/Hub/Editor/2021.1.0b1/Unity.app/Contents/MonoBleedingEdge/etc'
Using monoOptions --debugger-agent=transport=dt_socket,embedding=1,server=y,suspend=n,address=127.0.0.1:56707
Begin MonoManager ReloadAssembly
Registering precompiled unity dll's ...
Register platform support module: /Applications/Unity/Hub/Editor/2021.1.0b1/PlaybackEngines/WebGLSupport/UnityEditor.WebGL.Extensions.dll
Register platform support module: /Applications/Unity/Hub/Editor/2021.1.0b1/Unity.app/Contents/PlaybackEngines/MacStandaloneSupport/UnityEditor.OSXStandalone.Extensions.dll
Register platform support module: /Applications/Unity/Hub/Editor/2021.1.0b1/PlaybackEngines/WindowsStandaloneSupport/UnityEditor.WindowsStandalone.Extensions.dll
Registered in 0.015516 seconds.
Native extension for WindowsStandalone target not found
Native extension for OSXStandalone target not found
Native extension for WebGL target not found
Refreshing native plugins compatible for Editor in 203.86 ms, found 1 plugins.
Preloading 0 native plugins for Editor in 0.00 ms.
Mono: successfully reloaded assembly
- Completed reload, in 17.194 seconds
Platform modules already initialized, skipping
Registering precompiled user dll's ...
Registered in 0.007120 seconds.
Begin MonoManager ReloadAssembly
Native extension for WindowsStandalone target not found
Native extension for OSXStandalone target not found
Native extension for WebGL target not found
Refreshing native plugins compatible for Editor in 0.81 ms, found 1 plugins.
Preloading 0 native plugins for Editor in 0.00 ms.
Mono: successfully reloaded assembly
- Completed reload, in  4.227 seconds
Platform modules already initialized, skipping
========================================================================
Worker process is ready to serve import requests
Launching external process: /Applications/Unity/Hub/Editor/2021.1.0b1/Unity.app/Contents/Tools/UnityShaderCompiler
Launched and connected shader compiler UnityShaderCompiler after 0.09 seconds
Refreshing native plugins compatible for Editor in 0.85 ms, found 1 plugins.
Preloading 0 native plugins for Editor in 0.00 ms.
Unloading 1253 Unused Serialized files (Serialized files now loaded: 0)
System memory in use before: 269.0 MB.
System memory in use after: 268.6 MB.

Unloading 11 unused Assets to reduce memory usage. Loaded Objects now: 1719.
Total: 7.051974 ms (FindLiveObjects: 0.418795 ms CreateObjectMapping: 0.200401 ms MarkObjects: 5.207247 ms  DeleteObjects: 1.223281 ms)

========================================================================
Received Import Request.
  path: Assets/Scripts/UIButtonLevelLoad.cs
  artifactKey: Guid(da36bf72560be4c08afece95bd6736c1) Importer(815301076,1909f56bfc062723c751e8b465ee728b)
Start importing Assets/Scripts/UIButtonLevelLoad.cs using Guid(da36bf72560be4c08afece95bd6736c1) Importer(815301076,1909f56bfc062723c751e8b465ee728b)  -> (artifact id: '77fdbadb819ff2730259b6daa470d6ab') in 1.235725 seconds 
========================================================================
Received Import Request.
  Time since last request: 2230.864167 seconds.
  path: Assets/Scripts/Shooter.cs
  artifactKey: Guid(e992c04332db2411fa46731103e2e6e1) Importer(815301076,1909f56bfc062723c751e8b465ee728b)
Start importing Assets/Scripts/Shooter.cs using Guid(e992c04332db2411fa46731103e2e6e1) Importer(815301076,1909f56bfc062723c751e8b465ee728b)  -> (artifact id: 'a0506b48051b703dc45ab7dd7e54899f') in 0.104654 seconds 
========================================================================
Received Import Request.
  Time since last request: 0.077812 seconds.
  path: Assets/Scripts/TimedObjectDestructor.cs
  artifactKey: Guid(7a49a8ab1fce3436d9ff5909d8c94345) Importer(815301076,1909f56bfc062723c751e8b465ee728b)
Start importing Assets/Scripts/TimedObjectDestructor.cs using Guid(7a49a8ab1fce3436d9ff5909d8c94345) Importer(815301076,1909f56bfc062723c751e8b465ee728b)  -> (artifact id: '0e74ebdd10751c2400f1110f12a8b035') in 0.013822 seconds 
